<?xml version="1.0" encoding="UTF-8"?>
<testsuite xmlns:xsi="http://www.w3.org/2001/XMLSchema-instance" xsi:noNamespaceSchemaLocation="https://maven.apache.org/surefire/maven-surefire-plugin/xsd/surefire-test-report-3.0.xsd" version="3.0" name="com.videoinsight.backend.VideoInsightBackendApplicationTests" time="1.495" tests="1" errors="0" skipped="0" failures="0">
  <properties>
[...]
</properties>
  <testcase name="contextLoads" classname="com.videoinsight.backend.VideoInsightBackendApplicationTests" time="0.235">
    <system-out><![CDATA[20:53:50.540 [main] INFO org.springframework.test.context.support.AnnotationConfigContextLoaderUtils -- Could not detect default configuration classes for test class [com.videoinsight.backend.VideoInsightBackendApplicationTests]: VideoInsightBackendApplicationTests does not declare any static, non-private, non-final, nested classes annotated with @Configuration.
20:53:50.576 [main] INFO org.springframework.boot.test.context.SpringBootTestContextBootstrapper -- Found @SpringBootConfiguration com.videoinsight.backend.VideoInsightBackendApplication for test class com.videoinsight.backend.VideoInsightBackendApplicationTests
20:53:50.627 [main] INFO org.springframework.boot.devtools.restart.RestartApplicationListener -- Restart disabled due to context in which it is running

  .   ____          _            __ _ _
 /\\ / ___'_ __ _ _(_)_ __  __ _ \ \ \ \
( ( )\___ | '_ | '_| | '_ \/ _` | \ \ \ \
 \\/  ___)| |_)| | | | | || (_| |  ) ) ) )
  '  |____| .__|_| |_|_| |_\__, | / / / /
 =========|_|==============|___/=/_/_/_/
&amp#27;[32m :: Spring Boot :: &amp#27;[39m              &amp#27;[2m (v3.2.0)&amp#27;[0;39m

&amp#27;[2m2025-09-01T20:53:50.701+05:30&amp#27;[0;39m &amp#27;[32m INFO&amp#27;[0;39m &amp#27;[35m36702&amp#27;[0;39m &amp#27;[2m---&amp#27;[0;39m &amp#27;[2m[videoinsight-backend] [           main]&amp#27;[0;39m &amp#27;[2m&amp#27;[0;39m&amp#27;[36m.v.b.VideoInsightBackendApplicationTests&amp#27;[0;39m &amp#27;[2m:&amp#27;[0;39m Starting VideoInsightBackendApplicationTests using Java 24.0.1 with PID 36702 (started by ayushbhardwaj in /Users/ayushbhardwaj/VideoInsight-AI/VideoInsight-AI/VideoInsight-AI/backend)
&amp#27;[2m2025-09-01T20:53:50.702+05:30&amp#27;[0;39m &amp#27;[32mDEBUG&amp#27;[0;39m &amp#27;[35m36702&amp#27;[0;39m &amp#27;[2m---&amp#27;[0;39m &amp#27;[2m[videoinsight-backend] [           main]&amp#27;[0;39m &amp#27;[2m&amp#27;[0;39m&amp#27;[36m.v.b.VideoInsightBackendApplicationTests&amp#27;[0;39m &amp#27;[2m:&amp#27;[0;39m Running with Spring Boot v3.2.0, Spring v6.1.1
&amp#27;[2m2025-09-01T20:53:50.702+05:30&amp#27;[0;39m &amp#27;[32m INFO&amp#27;[0;39m &amp#27;[35m36702&amp#27;[0;39m &amp#27;[2m---&amp#27;[0;39m &amp#27;[2m[videoinsight-backend] [           main]&amp#27;[0;39m &amp#27;[2m&amp#27;[0;39m&amp#27;[36m.v.b.VideoInsightBackendApplicationTests&amp#27;[0;39m &amp#27;[2m:&amp#27;[0;39m No active profile set, falling back to 1 default profile: "default"
&amp#27;[2m2025-09-01T20:53:50.713+05:30&amp#27;[0;39m &amp#27;[32mDEBUG&amp#27;[0;39m &amp#27;[35m36702&amp#27;[0;39m &amp#27;[2m---&amp#27;[0;39m &amp#27;[2m[videoinsight-backend] [           main]&amp#27;[0;39m &amp#27;[2m&amp#27;[0;39m&amp#27;[36mo.s.w.c.s.GenericWebApplicationContext  &amp#27;[0;39m &amp#27;[2m:&amp#27;[0;39m Refreshing org.springframework.web.context.support.GenericWebApplicationContext@71f67a79
&amp#27;[2m2025-09-01T20:53:50.911+05:30&amp#27;[0;39m &amp#27;[32m INFO&amp#27;[0;39m &amp#27;[35m36702&amp#27;[0;39m &amp#27;[2m---&amp#27;[0;39m &amp#27;[2m[videoinsight-backend] [           main]&amp#27;[0;39m &amp#27;[2m&amp#27;[0;39m&amp#27;[36m.s.d.r.c.RepositoryConfigurationDelegate&amp#27;[0;39m &amp#27;[2m:&amp#27;[0;39m Bootstrapping Spring Data JPA repositories in DEFAULT mode.
&amp#27;[2m2025-09-01T20:53:50.919+05:30&amp#27;[0;39m &amp#27;[32m INFO&amp#27;[0;39m &amp#27;[35m36702&amp#27;[0;39m &amp#27;[2m---&amp#27;[0;39m &amp#27;[2m[videoinsight-backend] [           main]&amp#27;[0;39m &amp#27;[2m&amp#27;[0;39m&amp#27;[36m.s.d.r.c.RepositoryConfigurationDelegate&amp#27;[0;39m &amp#27;[2m:&amp#27;[0;39m Finished Spring Data repository scanning in 5 ms. Found 0 JPA repository interfaces.
&amp#27;[2m2025-09-01T20:53:51.087+05:30&amp#27;[0;39m &amp#27;[32m INFO&amp#27;[0;39m &amp#27;[35m36702&amp#27;[0;39m &amp#27;[2m---&amp#27;[0;39m &amp#27;[2m[videoinsight-backend] [           main]&amp#27;[0;39m &amp#27;[2m&amp#27;[0;39m&amp#27;[36mo.hibernate.jpa.internal.util.LogHelper &amp#27;[0;39m &amp#27;[2m:&amp#27;[0;39m HHH000204: Processing PersistenceUnitInfo [name: default]
&amp#27;[2m2025-09-01T20:53:51.110+05:30&amp#27;[0;39m &amp#27;[32m INFO&amp#27;[0;39m &amp#27;[35m36702&amp#27;[0;39m &amp#27;[2m---&amp#27;[0;39m &amp#27;[2m[videoinsight-backend] [           main]&amp#27;[0;39m &amp#27;[2m&amp#27;[0;39m&amp#27;[36morg.hibernate.Version                   &amp#27;[0;39m &amp#27;[2m:&amp#27;[0;39m HHH000412: Hibernate ORM core version 6.3.1.Final
&amp#27;[2m2025-09-01T20:53:51.121+05:30&amp#27;[0;39m &amp#27;[32m INFO&amp#27;[0;39m &amp#27;[35m36702&amp#27;[0;39m &amp#27;[2m---&amp#27;[0;39m &amp#27;[2m[videoinsight-backend] [           main]&amp#27;[0;39m &amp#27;[2m&amp#27;[0;39m&amp#27;[36mo.h.c.internal.RegionFactoryInitiator   &amp#27;[0;39m &amp#27;[2m:&amp#27;[0;39m HHH000026: Second-level cache disabled
&amp#27;[2m2025-09-01T20:53:51.207+05:30&amp#27;[0;39m &amp#27;[32m INFO&amp#27;[0;39m &amp#27;[35m36702&amp#27;[0;39m &amp#27;[2m---&amp#27;[0;39m &amp#27;[2m[videoinsight-backend] [           main]&amp#27;[0;39m &amp#27;[2m&amp#27;[0;39m&amp#27;[36mo.s.o.j.p.SpringPersistenceUnitInfo     &amp#27;[0;39m &amp#27;[2m:&amp#27;[0;39m No LoadTimeWeaver setup: ignoring JPA class transformer
&amp#27;[2m2025-09-01T20:53:51.215+05:30&amp#27;[0;39m &amp#27;[32m INFO&amp#27;[0;39m &amp#27;[35m36702&amp#27;[0;39m &amp#27;[2m---&amp#27;[0;39m &amp#27;[2m[videoinsight-backend] [           main]&amp#27;[0;39m &amp#27;[2m&amp#27;[0;39m&amp#27;[36mcom.zaxxer.hikari.HikariDataSource      &amp#27;[0;39m &amp#27;[2m:&amp#27;[0;39m HikariPool-1 - Starting...
&amp#27;[2m2025-09-01T20:53:51.277+05:30&amp#27;[0;39m &amp#27;[32m INFO&amp#27;[0;39m &amp#27;[35m36702&amp#27;[0;39m &amp#27;[2m---&amp#27;[0;39m &amp#27;[2m[videoinsight-backend] [           main]&amp#27;[0;39m &amp#27;[2m&amp#27;[0;39m&amp#27;[36mcom.zaxxer.hikari.pool.HikariPool       &amp#27;[0;39m &amp#27;[2m:&amp#27;[0;39m HikariPool-1 - Added connection conn0: url=jdbc:h2:mem:videoinsightdb user=SA
&amp#27;[2m2025-09-01T20:53:51.278+05:30&amp#27;[0;39m &amp#27;[32m INFO&amp#27;[0;39m &amp#27;[35m36702&amp#27;[0;39m &amp#27;[2m---&amp#27;[0;39m &amp#27;[2m[videoinsight-backend] [           main]&amp#27;[0;39m &amp#27;[2m&amp#27;[0;39m&amp#27;[36mcom.zaxxer.hikari.HikariDataSource      &amp#27;[0;39m &amp#27;[2m:&amp#27;[0;39m HikariPool-1 - Start completed.
&amp#27;[2m2025-09-01T20:53:51.288+05:30&amp#27;[0;39m &amp#27;[33m WARN&amp#27;[0;39m &amp#27;[35m36702&amp#27;[0;39m &amp#27;[2m---&amp#27;[0;39m &amp#27;[2m[videoinsight-backend] [           main]&amp#27;[0;39m &amp#27;[2m&amp#27;[0;39m&amp#27;[36morg.hibernate.orm.deprecation           &amp#27;[0;39m &amp#27;[2m:&amp#27;[0;39m HHH90000025: H2Dialect does not need to be specified explicitly using 'hibernate.dialect' (remove the property setting and it will be selected by default)
&amp#27;[2m2025-09-01T20:53:51.391+05:30&amp#27;[0;39m &amp#27;[32m INFO&amp#27;[0;39m &amp#27;[35m36702&amp#27;[0;39m &amp#27;[2m---&amp#27;[0;39m &amp#27;[2m[videoinsight-backend] [           main]&amp#27;[0;39m &amp#27;[2m&amp#27;[0;39m&amp#27;[36mo.h.e.t.j.p.i.JtaPlatformInitiator      &amp#27;[0;39m &amp#27;[2m:&amp#27;[0;39m HHH000489: No JTA platform available (set 'hibernate.transaction.jta.platform' to enable JTA platform integration)
&amp#27;[2m2025-09-01T20:53:51.393+05:30&amp#27;[0;39m &amp#27;[32m INFO&amp#27;[0;39m &amp#27;[35m36702&amp#27;[0;39m &amp#27;[2m---&amp#27;[0;39m &amp#27;[2m[videoinsight-backend] [           main]&amp#27;[0;39m &amp#27;[2m&amp#27;[0;39m&amp#27;[36mj.LocalContainerEntityManagerFactoryBean&amp#27;[0;39m &amp#27;[2m:&amp#27;[0;39m Initialized JPA EntityManagerFactory for persistence unit 'default'
&amp#27;[2m2025-09-01T20:53:51.635+05:30&amp#27;[0;39m &amp#27;[33m WARN&amp#27;[0;39m &amp#27;[35m36702&amp#27;[0;39m &amp#27;[2m---&amp#27;[0;39m &amp#27;[2m[videoinsight-backend] [           main]&amp#27;[0;39m &amp#27;[2m&amp#27;[0;39m&amp#27;[36mJpaBaseConfiguration$JpaWebConfiguration&amp#27;[0;39m &amp#27;[2m:&amp#27;[0;39m spring.jpa.open-in-view is enabled by default. Therefore, database queries may be performed during view rendering. Explicitly configure spring.jpa.open-in-view to disable this warning
&amp#27;[2m2025-09-01T20:53:51.660+05:30&amp#27;[0;39m &amp#27;[32mDEBUG&amp#27;[0;39m &amp#27;[35m36702&amp#27;[0;39m &amp#27;[2m---&amp#27;[0;39m &amp#27;[2m[videoinsight-backend] [           main]&amp#27;[0;39m &amp#27;[2m&amp#27;[0;39m&amp#27;[36ms.w.s.m.m.a.RequestMappingHandlerMapping&amp#27;[0;39m &amp#27;[2m:&amp#27;[0;39m 4 mappings in 'requestMappingHandlerMapping'
&amp#27;[2m2025-09-01T20:53:51.678+05:30&amp#27;[0;39m &amp#27;[32mDEBUG&amp#27;[0;39m &amp#27;[35m36702&amp#27;[0;39m &amp#27;[2m---&amp#27;[0;39m &amp#27;[2m[videoinsight-backend] [           main]&amp#27;[0;39m &amp#27;[2m&amp#27;[0;39m&amp#27;[36mo.s.w.s.handler.SimpleUrlHandlerMapping &amp#27;[0;39m &amp#27;[2m:&amp#27;[0;39m Patterns [/webjars/**, /**] in 'resourceHandlerMapping'
&amp#27;[2m2025-09-01T20:53:51.687+05:30&amp#27;[0;39m &amp#27;[32mDEBUG&amp#27;[0;39m &amp#27;[35m36702&amp#27;[0;39m &amp#27;[2m---&amp#27;[0;39m &amp#27;[2m[videoinsight-backend] [           main]&amp#27;[0;39m &amp#27;[2m&amp#27;[0;39m&amp#27;[36ms.w.s.m.m.a.RequestMappingHandlerAdapter&amp#27;[0;39m &amp#27;[2m:&amp#27;[0;39m ControllerAdvice beans: 0 @ModelAttribute, 0 @InitBinder, 1 RequestBodyAdvice, 1 ResponseBodyAdvice
&amp#27;[2m2025-09-01T20:53:51.696+05:30&amp#27;[0;39m &amp#27;[32mDEBUG&amp#27;[0;39m &amp#27;[35m36702&amp#27;[0;39m &amp#27;[2m---&amp#27;[0;39m &amp#27;[2m[videoinsight-backend] [           main]&amp#27;[0;39m &amp#27;[2m&amp#27;[0;39m&amp#27;[36m.m.m.a.ExceptionHandlerExceptionResolver&amp#27;[0;39m &amp#27;[2m:&amp#27;[0;39m ControllerAdvice beans: 0 @ExceptionHandler, 1 ResponseBodyAdvice
&amp#27;[2m2025-09-01T20:53:51.726+05:30&amp#27;[0;39m &amp#27;[32m INFO&amp#27;[0;39m &amp#27;[35m36702&amp#27;[0;39m &amp#27;[2m---&amp#27;[0;39m &amp#27;[2m[videoinsight-backend] [           main]&amp#27;[0;39m &amp#27;[2m&amp#27;[0;39m&amp#27;[36mo.s.b.a.h2.H2ConsoleAutoConfiguration   &amp#27;[0;39m &amp#27;[2m:&amp#27;[0;39m H2 console available at '/h2-console'. Database available at 'jdbc:h2:mem:videoinsightdb'
&amp#27;[2m2025-09-01T20:53:51.748+05:30&amp#27;[0;39m &amp#27;[32m INFO&amp#27;[0;39m &amp#27;[35m36702&amp#27;[0;39m &amp#27;[2m---&amp#27;[0;39m &amp#27;[2m[videoinsight-backend] [           main]&amp#27;[0;39m &amp#27;[2m&amp#27;[0;39m&amp#27;[36m.v.b.VideoInsightBackendApplicationTests&amp#27;[0;39m &amp#27;[2m:&amp#27;[0;39m Started VideoInsightBackendApplicationTests in 1.124 seconds (process running for 1.442)
]]></system-out>
    <system-err><![CDATA[WARNING: A Java agent has been loaded dynamically (/Users/ayushbhardwaj/.m2/repository/net/bytebuddy/byte-buddy-agent/1.14.10/byte-buddy-agent-1.14.10.jar)
WARNING: If a serviceability tool is in use, please run with -XX:+EnableDynamicAgentLoading to hide this warning
WARNING: If a serviceability tool is not in use, please run with -Djdk.instrument.traceUsage for more information
WARNING: Dynamic loading of agents will be disallowed by default in a future release
]]></system-err>
  </testcase>
</testsuite>